<?xml version="1.0" encoding="UTF-8" ?>
<testsuite tests="3" failures="0" errors="0" skipped="0" time="0.047" name="module 'basics_SUITE'">
  <testcase time="0.000" name="basics_SUITE:0 get_empty_test">
    <system-out>
    </system-out>
  </testcase>
  <testcase time="0.000" name="basics_SUITE:0 get_single_test">
    <system-out>
    </system-out>
  </testcase>
  <testcase time="0.000" name="basics_SUITE:0 get_multi_test">
    <system-out>
    </system-out>
  </testcase>
</testsuite>
